Start testing: May 02 11:30 Srednjeevropski poletni Ëas
----------------------------------------------------------
1/1 Testing: RadixSortTest
1/1 Test: RadixSortTest
Command: "C:/Users/zaver/AppData/Local/Programs/Python/Python313/Lib/site-packages/cmake/data/bin/cmake.exe" "-D" "EXECUTABLE=C:/Users/zaver/OneDrive/Desktop/faks/2. Letnik/2. Polletje/algoritmi/vaja2/radix-sort/build/Vaja2_RadixSort.exe" "-D" "TEST_DIR=C:/Users/zaver/OneDrive/Desktop/faks/2. Letnik/2. Polletje/algoritmi/vaja2/radix-sort/tests" "-P" "C:/Users/zaver/OneDrive/Desktop/faks/2. Letnik/2. Polletje/algoritmi/vaja2/radix-sort/tests/run_tests.cmake"
Directory: C:/Users/zaver/OneDrive/Desktop/faks/2. Letnik/2. Polletje/algoritmi/vaja2/radix-sort/build
"RadixSortTest" start time: May 02 11:30 Srednjeevropski poletni Ëas
Output:
----------------------------------------------------------
Napaka: stevilo izven obsega (0-255)
Vsi testi so uspe≈°no prestali preverjanje.
<end of output>
Test time =   0.26 sec
----------------------------------------------------------
Test Passed.
"RadixSortTest" end time: May 02 11:30 Srednjeevropski poletni Ëas
"RadixSortTest" time elapsed: 00:00:00
----------------------------------------------------------

End testing: May 02 11:30 Srednjeevropski poletni Ëas
